# JRE version: OpenJDK Runtime Environment (11.0.10) (build 11.0.10+0-b96-7281165)
# Java VM: OpenJDK 64-Bit Server VM (11.0.10+0-b96-7281165, mixed mode, tiered, compressed oops, g1 gc, bsd-amd64)
Heap:
 garbage-first heap   total 262144K, used 104299K [0x0000000780000000, 0x0000000800000000)
  region size 1024K, 14 young (14336K), 11 survivors (11264K)
 Metaspace       used 98409K, capacity 100892K, committed 101068K, reserved 1136640K
  class space    used 12567K, capacity 13444K, committed 13516K, reserved 1048576K
GC Heap History (20 events):
Event: 7.120 GC heap before
{Heap before GC invocations=7 (full 0):
 garbage-first heap   total 262144K, used 179602K [0x0000000780000000, 0x0000000800000000)
  region size 1024K, 153 young (156672K), 13 survivors (13312K)
 Metaspace       used 55988K, capacity 57452K, committed 57600K, reserved 1099776K
  class space    used 7105K, capacity 7616K, committed 7680K, reserved 1048576K
}
Event: 7.140 GC heap after
{Heap after GC invocations=8 (full 0):
 garbage-first heap   total 262144K, used 50142K [0x0000000780000000, 0x0000000800000000)
  region size 1024K, 20 young (20480K), 20 survivors (20480K)
 Metaspace       used 55988K, capacity 57452K, committed 57600K, reserved 1099776K
  class space    used 7105K, capacity 7616K, committed 7680K, reserved 1048576K
}
Event: 7.492 GC heap before
{Heap before GC invocations=8 (full 0):
 garbage-first heap   total 262144K, used 76766K [0x0000000780000000, 0x0000000800000000)
  region size 1024K, 48 young (49152K), 20 survivors (20480K)
 Metaspace       used 58553K, capacity 60071K, committed 60160K, reserved 1101824K
  class space    used 7429K, capacity 7934K, committed 7936K, reserved 1048576K
}
Event: 7.527 GC heap after
{Heap after GC invocations=9 (full 0):
 garbage-first heap   total 262144K, used 55219K [0x0000000780000000, 0x0000000800000000)
  region size 1024K, 5 young (5120K), 5 survivors (5120K)
 Metaspace       used 58553K, capacity 60071K, committed 60160K, reserved 1101824K
  class space    used 7429K, capacity 7934K, committed 7936K, reserved 1048576K
}
Event: 8.920 GC heap before
{Heap before GC invocations=10 (full 0):
 garbage-first heap   total 262144K, used 148403K [0x0000000780000000, 0x0000000800000000)
  region size 1024K, 95 young (97280K), 5 survivors (5120K)
 Metaspace       used 65772K, capacity 67417K, committed 67660K, reserved 1107968K
  class space    used 8334K, capacity 8915K, committed 9036K, reserved 1048576K
}
Event: 8.928 GC heap after
{Heap after GC invocations=11 (full 0):
 garbage-first heap   total 262144K, used 60977K [0x0000000780000000, 0x0000000800000000)
  region size 1024K, 10 young (10240K), 10 survivors (10240K)
 Metaspace       used 65772K, capacity 67417K, committed 67660K, reserved 1107968K
  class space    used 8334K, capacity 8915K, committed 9036K, reserved 1048576K
}
Event: 10.229 GC heap before
{Heap before GC invocations=11 (full 0):
 garbage-first heap   total 262144K, used 182833K [0x0000000780000000, 0x0000000800000000)
  region size 1024K, 105 young (107520K), 10 survivors (10240K)
 Metaspace       used 73684K, capacity 75390K, committed 75724K, reserved 1114112K
  class space    used 9514K, capacity 10134K, committed 10188K, reserved 1048576K
}
Event: 10.241 GC heap after
{Heap after GC invocations=12 (full 0):
 garbage-first heap   total 262144K, used 65609K [0x0000000780000000, 0x0000000800000000)
  region size 1024K, 12 young (12288K), 12 survivors (12288K)
 Metaspace       used 73684K, capacity 75390K, committed 75724K, reserved 1114112K
  class space    used 9514K, capacity 10134K, committed 10188K, reserved 1048576K
}
Event: 11.636 GC heap before
{Heap before GC invocations=12 (full 0):
 garbage-first heap   total 262144K, used 181321K [0x0000000780000000, 0x0000000800000000)
  region size 1024K, 111 young (113664K), 12 survivors (12288K)
 Metaspace       used 82155K, capacity 84153K, committed 84428K, reserved 1122304K
  class space    used 10688K, capacity 11406K, committed 11468K, reserved 1048576K
}
Event: 11.655 GC heap after
{Heap after GC invocations=13 (full 0):
 garbage-first heap   total 262144K, used 72555K [0x0000000780000000, 0x0000000800000000)
  region size 1024K, 12 young (12288K), 12 survivors (12288K)
 Metaspace       used 82155K, capacity 84153K, committed 84428K, reserved 1122304K
  class space    used 10688K, capacity 11406K, committed 11468K, reserved 1048576K
}
Event: 12.392 GC heap before
{Heap before GC invocations=13 (full 0):
 garbage-first heap   total 262144K, used 174955K [0x0000000780000000, 0x0000000800000000)
  region size 1024K, 113 young (115712K), 12 survivors (12288K)
 Metaspace       used 83713K, capacity 86102K, committed 86348K, reserved 1124352K
  class space    used 10900K, capacity 11760K, committed 11852K, reserved 1048576K
}
Event: 12.408 GC heap after
{Heap after GC invocations=14 (full 0):
 garbage-first heap   total 262144K, used 81190K [0x0000000780000000, 0x0000000800000000)
  region size 1024K, 15 young (15360K), 15 survivors (15360K)
 Metaspace       used 83713K, capacity 86102K, committed 86348K, reserved 1124352K
  class space    used 10900K, capacity 11760K, committed 11852K, reserved 1048576K
}
Event: 13.092 GC heap before
{Heap before GC invocations=14 (full 0):
 garbage-first heap   total 262144K, used 183590K [0x0000000780000000, 0x0000000800000000)
  region size 1024K, 116 young (118784K), 15 survivors (15360K)
 Metaspace       used 84736K, capacity 87031K, committed 87244K, reserved 1124352K
  class space    used 11001K, capacity 11848K, committed 11980K, reserved 1048576K
}
Event: 13.113 GC heap after
{Heap after GC invocations=15 (full 0):
 garbage-first heap   total 262144K, used 86916K [0x0000000780000000, 0x0000000800000000)
  region size 1024K, 9 young (9216K), 9 survivors (9216K)
 Metaspace       used 84736K, capacity 87031K, committed 87244K, reserved 1124352K
  class space    used 11001K, capacity 11848K, committed 11980K, reserved 1048576K
}
Event: 14.071 GC heap before
{Heap before GC invocations=15 (full 0):
 garbage-first heap   total 262144K, used 189316K [0x0000000780000000, 0x0000000800000000)
  region size 1024K, 110 young (112640K), 9 survivors (9216K)
 Metaspace       used 90037K, capacity 92342K, committed 92748K, reserved 1130496K
  class space    used 11668K, capacity 12506K, committed 12620K, reserved 1048576K
}
Event: 14.084 GC heap after
{Heap after GC invocations=16 (full 0):
 garbage-first heap   total 262144K, used 90999K [0x0000000780000000, 0x0000000800000000)
  region size 1024K, 13 young (13312K), 13 survivors (13312K)
 Metaspace       used 90037K, capacity 92342K, committed 92748K, reserved 1130496K
  class space    used 11668K, capacity 12506K, committed 12620K, reserved 1048576K
}
Event: 14.746 GC heap before
{Heap before GC invocations=16 (full 0):
 garbage-first heap   total 262144K, used 199543K [0x0000000780000000, 0x0000000800000000)
  region size 1024K, 115 young (117760K), 13 survivors (13312K)
 Metaspace       used 92068K, capacity 94526K, committed 94796K, reserved 1130496K
  class space    used 11887K, capacity 12774K, committed 12876K, reserved 1048576K
}
Event: 14.760 GC heap after
{Heap after GC invocations=17 (full 0):
 garbage-first heap   total 262144K, used 98710K [0x0000000780000000, 0x0000000800000000)
  region size 1024K, 13 young (13312K), 13 survivors (13312K)
 Metaspace       used 92068K, capacity 94526K, committed 94796K, reserved 1130496K
  class space    used 11887K, capacity 12774K, committed 12876K, reserved 1048576K
}
Event: 15.354 GC heap before
{Heap before GC invocations=17 (full 0):
 garbage-first heap   total 262144K, used 161174K [0x0000000780000000, 0x0000000800000000)
  region size 1024K, 71 young (72704K), 13 survivors (13312K)
 Metaspace       used 98147K, capacity 100625K, committed 100812K, reserved 1136640K
  class space    used 12558K, capacity 13441K, committed 13516K, reserved 1048576K
}
Event: 15.369 GC heap after
{Heap after GC invocations=18 (full 0):
 garbage-first heap   total 262144K, used 102251K [0x0000000780000000, 0x0000000800000000)
  region size 1024K, 11 young (11264K), 11 survivors (11264K)
 Metaspace       used 98147K, capacity 100625K, committed 100812K, reserved 1136640K
  class space    used 12558K, capacity 13441K, committed 13516K, reserved 1048576K
}

